[2020/08/12 13:00:02] INFO ---------- Auto Reporting START ----------
[2020/08/12 13:00:02] INFO Timestamp : 08/12/2020 04:00:02
[2020/08/12 13:00:02] INFO ComputerName : COMPUTER0001
[2020/08/12 13:00:02] INFO Windows Update Logs getting...
[2020/08/12 13:00:02] INFO Completed. Obtained Windows Update logs : 14
[2020/08/12 13:00:02] INFO Windows Defender Logs getting...
[2020/08/12 13:00:02] INFO Completed. Obtained Windows Defender status columns : 35
[2020/08/12 13:00:02] INFO Installed Software list getting...
[2020/08/12 13:00:03] INFO Completed. Installed Softwares list : 218
[2020/08/12 13:00:03] INFO Postting to MongoDB...
[2020/08/14 13:00:01] INFO ---------- Auto Reporting START ----------
[2020/08/14 13:00:01] INFO Timestamp : 08/14/2020 04:00:01
[2020/08/14 13:00:01] INFO ComputerName : COMPUTER0001
[2020/08/14 13:00:01] INFO Windows Update Logs getting...
[2020/08/14 13:00:02] INFO Completed. Obtained Windows Update logs : 14
[2020/08/14 13:00:02] INFO Windows Defender Logs getting...
[2020/08/14 13:00:02] INFO Completed. Obtained Windows Defender status columns : 35
[2020/08/14 13:00:02] INFO Installed Software list getting...
[2020/08/14 13:00:03] INFO Completed. Installed Softwares list : 218
[2020/08/14 13:00:03] INFO Postting to MongoDB...
[2020/09/15 13:00:01] INFO ---------- Auto Reporting START ----------
[2020/09/15 13:00:01] INFO Timestamp : 09/15/2020 04:00:01
[2020/09/15 13:00:01] INFO ComputerName : COMPUTER0001
[2020/09/15 13:00:01] INFO Windows Update Logs getting...
[2020/09/15 13:00:02] INFO Completed. Obtained Windows Update logs : 17
[2020/09/15 13:00:02] INFO Windows Defender Logs getting...
[2020/09/15 13:00:02] INFO Completed. Obtained Windows Defender status columns : 36
[2020/09/15 13:00:02] INFO Installed Software list getting...
[2020/09/15 13:00:03] INFO Completed. Installed Softwares list : 218
[2020/09/15 13:00:03] INFO Postting to MongoDB...
[2020/09/25 13:00:01] INFO ---------- Auto Reporting START ----------
[2020/09/25 13:00:01] INFO Timestamp : 09/25/2020 04:00:01
[2020/09/25 13:00:01] INFO ComputerName : COMPUTER0001
[2020/09/25 13:00:01] INFO Windows Update Logs getting...
[2020/09/25 13:00:01] INFO Completed. Obtained Windows Update logs : 17
[2020/09/25 13:00:01] INFO Windows Defender Logs getting...
[2020/09/25 13:00:02] INFO Completed. Obtained Windows Defender status columns : 36
[2020/09/25 13:00:02] INFO Installed Software list getting...
[2020/09/25 13:00:02] INFO Completed. Installed Softwares list : 218
[2020/09/25 13:00:02] INFO Postting to MongoDB...
[2020/09/30 13:00:03] INFO ---------- Auto Reporting START ----------
[2020/09/30 13:00:03] INFO Timestamp : 09/30/2020 04:00:03
[2020/09/30 13:00:03] INFO ComputerName : COMPUTER0001
[2020/09/30 13:00:03] INFO Windows Update Logs getting...
[2020/09/30 13:00:03] INFO Completed. Obtained Windows Update logs : 17
[2020/09/30 13:00:03] INFO Windows Defender Logs getting...
[2020/09/30 13:00:04] INFO Completed. Obtained Windows Defender status columns : 36
[2020/09/30 13:00:04] INFO Installed Software list getting...
[2020/09/30 13:00:05] INFO Completed. Installed Softwares list : 219
[2020/09/30 13:00:05] INFO Postting to MongoDB...
[2020/12/24 13:00:01] INFO ---------- Auto Reporting START ----------
[2020/12/24 13:00:01] INFO Timestamp : 12/24/2020 04:00:01
[2020/12/24 13:00:01] INFO ComputerName : COMPUTER0001
[2020/12/24 13:00:01] INFO Windows Update Logs getting...
[2020/12/24 13:00:02] INFO Completed. Obtained Windows Update logs : 19
[2020/12/24 13:00:02] INFO Windows Defender Logs getting...
[2020/12/24 13:00:02] INFO Completed. Obtained Windows Defender status columns : 36
[2020/12/24 13:00:02] INFO Installed Software list getting...
[2020/12/24 13:00:03] INFO Completed. Installed Softwares list : 223
[2020/12/24 13:00:03] INFO Postting to MongoDB...
